GROUP,PACKAGE,CLASS,INSTRUCTION_MISSED,INSTRUCTION_COVERED,BRANCH_MISSED,BRANCH_COVERED,LINE_MISSED,LINE_COVERED,COMPLEXITY_MISSED,COMPLEXITY_COVERED,METHOD_MISSED,METHOD_COVERED
OOP Core NLP,io.outofprintmagazine.util,ParameterStoreJsonObject,60,0,6,0,18,0,10,0,7,0
OOP Core NLP,io.outofprintmagazine.util,ParameterStorePropertiesFile,85,0,4,0,26,0,11,0,9,0
OOP Core NLP,io.outofprintmagazine.util,ParameterStoreProperties,18,21,2,0,6,7,5,4,4,4
OOP Core NLP,io.outofprintmagazine.util,AggregatedScore,30,87,0,2,8,26,3,11,3,10
OOP Core NLP,io.outofprintmagazine.util,ScoreStats,25,23,0,0,7,7,3,4,3,4
OOP Core NLP,io.outofprintmagazine.util,AggregateScore,25,59,0,0,5,19,1,10,1,10
OOP Core NLP,io.outofprintmagazine.util,DocumentAggregateScore,31,39,0,0,8,14,3,7,3,7
OOP Core NLP,io.outofprintmagazine.util,Stats,30,72,0,0,6,23,1,12,1,12
OOP Core NLP,io.outofprintmagazine.util,Score,51,46,0,0,13,15,3,8,3,8
OOP Core NLP,io.outofprintmagazine.nlp.pipeline.annotators.conditional,BecauseAnnotator,34,74,0,6,5,19,2,9,2,6
OOP Core NLP,io.outofprintmagazine.nlp.pipeline.annotators.conditional,IfAnnotator,34,74,0,6,5,19,2,9,2,6
OOP Core NLP,io.outofprintmagazine.nlp.pipeline.annotators.simile,AsAnnotator,6,74,0,6,3,19,1,9,1,6
OOP Core NLP,io.outofprintmagazine.nlp.pipeline.annotators.simile,LikeAnnotator,6,74,0,6,3,19,1,9,1,6
OOP Core NLP,io.outofprintmagazine.util.resource,WikipediaListLoader,222,0,22,0,53,0,18,0,7,0
OOP Core NLP,io.outofprintmagazine.nlp.utils,TextUtils,146,0,6,0,33,0,7,0,4,0
OOP Core NLP,io.outofprintmagazine.nlp.utils,FlickrUtils.new Comparator() {...},20,0,0,0,2,0,2,0,2,0
OOP Core NLP,io.outofprintmagazine.nlp.utils,FlickrUtils.new Comparator() {...},20,0,0,0,2,0,2,0,2,0
OOP Core NLP,io.outofprintmagazine.nlp.utils,FlickrUtils.new Comparator() {...},17,0,0,0,2,0,2,0,2,0
OOP Core NLP,io.outofprintmagazine.nlp.utils,WikipediaUtils,87,543,15,27,23,106,13,24,1,15
OOP Core NLP,io.outofprintmagazine.nlp.utils,NGramUtils.NGramPhraseScore,26,0,0,0,7,0,1,0,1,0
OOP Core NLP,io.outofprintmagazine.nlp.utils,WikimediaUtils,12,168,1,9,4,36,3,9,2,5
OOP Core NLP,io.outofprintmagazine.nlp.utils,WiktionaryUtils,35,230,5,17,10,52,4,15,0,8
OOP Core NLP,io.outofprintmagazine.nlp.utils,NGramUtils,484,0,46,0,112,0,35,0,12,0
OOP Core NLP,io.outofprintmagazine.nlp.utils,CoreNlpUtils,634,457,85,27,121,87,55,27,11,15
OOP Core NLP,io.outofprintmagazine.nlp.utils,HttpUtils.StringResponseHandler,37,0,4,0,10,0,4,0,2,0
OOP Core NLP,io.outofprintmagazine.nlp.utils,WikimediaUtils.ImageInfoPageHandler,0,65,3,7,0,14,3,5,0,3
OOP Core NLP,io.outofprintmagazine.nlp.utils,WikimediaUtils.ImagePageHandler,0,57,3,7,0,14,3,5,0,3
OOP Core NLP,io.outofprintmagazine.nlp.utils,FacePlusPlusUtils,105,0,4,0,21,0,7,0,5,0
OOP Core NLP,io.outofprintmagazine.nlp.utils,HttpUtils.JsonResponseHandler,6,35,2,2,1,9,2,2,0,2
OOP Core NLP,io.outofprintmagazine.nlp.utils,WikipediaUtils.PagesForTopicPageHandler,5,61,8,8,0,13,7,4,0,3
OOP Core NLP,io.outofprintmagazine.nlp.utils,HttpUtils,86,538,6,10,16,104,10,21,6,17
OOP Core NLP,io.outofprintmagazine.nlp.utils,WikipediaUtils.ExtractsPageHandler,0,93,6,10,0,23,6,5,0,3
OOP Core NLP,io.outofprintmagazine.nlp.utils,PerfecttenseUtils,124,0,4,0,28,0,6,0,4,0
OOP Core NLP,io.outofprintmagazine.nlp.utils,WikipediaUtils.CategoriesForTopicPageHandler,0,258,33,63,0,61,33,18,0,3
OOP Core NLP,io.outofprintmagazine.nlp.utils,BingUtils,286,0,20,0,53,0,18,0,8,0
OOP Core NLP,io.outofprintmagazine.nlp.utils,FlickrUtils,447,0,18,0,107,0,18,0,9,0
OOP Core NLP,io.outofprintmagazine.nlp.utils,HttpUtils.new ServiceUnavailableRetryStrategy() {...},7,21,5,3,1,3,5,2,1,2
OOP Core NLP,io.outofprintmagazine.nlp.utils,WiktionaryUtils.PageHandler,0,64,3,7,0,15,3,5,0,3
OOP Core NLP,io.outofprintmagazine.nlp.utils,WordnetUtils,125,1030,36,114,30,222,31,70,1,25
OOP Core NLP,io.outofprintmagazine.nlp.utils,NGramUtils.NGramScore,12,0,0,0,3,0,1,0,1,0
OOP Core NLP,io.outofprintmagazine.nlp.utils,ResourceUtils,6,147,0,10,2,36,2,14,2,9
OOP Core NLP,io.outofprintmagazine.nlp.pipeline.annotators,PronounAnnotator,2,113,3,11,1,22,4,9,1,5
OOP Core NLP,io.outofprintmagazine.nlp.pipeline.annotators,AdverbsAnnotator,2,110,0,10,1,21,1,10,1,5
OOP Core NLP,io.outofprintmagazine.nlp.pipeline.annotators,TopicsAnnotator,26,126,0,8,3,24,2,9,2,5
OOP Core NLP,io.outofprintmagazine.nlp.pipeline.annotators,AmericanizeAnnotator,7,89,0,6,3,20,1,8,1,5
OOP Core NLP,io.outofprintmagazine.nlp.pipeline.annotators,SVOAnnotator,103,428,9,57,16,77,10,30,2,5
OOP Core NLP,io.outofprintmagazine.nlp.pipeline.annotators,ActionlessVerbsAnnotator,2,127,1,9,1,21,2,9,1,5
OOP Core NLP,io.outofprintmagazine.nlp.pipeline.annotators,PunctuationMarkAnnotator,2,165,1,9,1,33,2,10,1,6
OOP Core NLP,io.outofprintmagazine.nlp.pipeline.annotators,AngliciseAnnotator,7,89,0,6,3,20,1,8,1,5
OOP Core NLP,io.outofprintmagazine.nlp.pipeline.annotators,VerbGroupsAnnotator,6,135,2,8,3,23,3,8,1,5
OOP Core NLP,io.outofprintmagazine.nlp.pipeline.annotators,LocationsAnnotator,38,96,1,7,4,19,3,8,2,5
OOP Core NLP,io.outofprintmagazine.nlp.pipeline.annotators,GenderAnnotator,8,123,0,2,4,34,3,16,3,15
OOP Core NLP,io.outofprintmagazine.nlp.pipeline.annotators,VerbsAnnotator,2,127,1,9,1,21,2,9,1,5
OOP Core NLP,io.outofprintmagazine.nlp.pipeline.annotators,FunctionWordsAnnotator,2,94,1,9,1,19,2,9,1,5
OOP Core NLP,io.outofprintmagazine.nlp.pipeline.annotators,AbstractPosAnnotator,48,114,2,10,8,27,5,14,4,9
OOP Core NLP,io.outofprintmagazine.nlp.pipeline.annotators,CommonWordsAnnotator,2,94,1,9,1,19,2,9,1,5
OOP Core NLP,io.outofprintmagazine.nlp.pipeline.annotators,PrepositionCategoriesAnnotator,2,116,0,6,1,24,1,9,1,6
OOP Core NLP,io.outofprintmagazine.nlp.pipeline.annotators,FlavorsAnnotator,2,88,0,8,1,19,1,9,1,5
OOP Core NLP,io.outofprintmagazine.nlp.pipeline.annotators,AdverbCategoriesAnnotator,10,141,1,13,2,26,2,11,1,5
OOP Core NLP,io.outofprintmagazine.nlp.pipeline.annotators,RunnableOOPAnnotator,11,19,0,0,5,7,3,3,3,3
OOP Core NLP,io.outofprintmagazine.nlp.pipeline.annotators,NonAffirmativeAnnotator,4,119,0,6,2,17,2,7,2,4
OOP Core NLP,io.outofprintmagazine.nlp.pipeline.annotators,AbstractContextualAnnotator,76,850,21,69,15,174,19,49,2,21
OOP Core NLP,io.outofprintmagazine.nlp.pipeline.annotators,VerblessSentencesAnnotator,2,109,0,8,1,20,1,9,1,5
OOP Core NLP,io.outofprintmagazine.nlp.pipeline.annotators,PeopleAnnotator.new Comparator() {...},8,6,0,0,1,1,1,1,1,1
OOP Core NLP,io.outofprintmagazine.nlp.pipeline.annotators,CoreNlpParagraphAnnotator,14,72,2,4,3,21,4,10,2,9
OOP Core NLP,io.outofprintmagazine.nlp.pipeline.annotators,UncommonWordsAnnotator,2,94,1,9,1,19,2,9,1,5
OOP Core NLP,io.outofprintmagazine.nlp.pipeline.annotators,VerbHypernymsAnnotator,34,139,2,12,6,25,4,10,2,5
OOP Core NLP,io.outofprintmagazine.nlp.pipeline.annotators,WikipediaGlossAnnotator,11,141,1,13,5,29,2,11,1,5
OOP Core NLP,io.outofprintmagazine.nlp.pipeline.annotators,VerbTenseAnnotator,10,208,2,18,2,31,3,13,1,5
OOP Core NLP,io.outofprintmagazine.nlp.pipeline.annotators,BiberDimensionsAnnotator,14,594,4,36,3,67,6,21,2,5
OOP Core NLP,io.outofprintmagazine.nlp.pipeline.annotators,WikipediaCategoriesAnnotator,40,98,1,5,9,21,4,8,3,6
OOP Core NLP,io.outofprintmagazine.nlp.pipeline.annotators,AbstractAnnotator,31,410,4,18,8,52,6,25,2,18
OOP Core NLP,io.outofprintmagazine.nlp.pipeline.annotators,AdjectivesAnnotator,2,110,0,10,1,21,1,10,1,5
OOP Core NLP,io.outofprintmagazine.nlp.pipeline.annotators,NounsAnnotator,2,92,0,6,1,19,1,8,1,5
OOP Core NLP,io.outofprintmagazine.nlp.pipeline.annotators,SettingsAnnotator,179,17,14,0,16,8,11,6,4,6
OOP Core NLP,io.outofprintmagazine.nlp.pipeline.annotators,PointlessAdjectivesAnnotator,2,110,0,10,1,21,1,10,1,5
OOP Core NLP,io.outofprintmagazine.nlp.pipeline.annotators,VaderSentimentAnnotator,40,103,1,5,7,21,3,7,2,5
OOP Core NLP,io.outofprintmagazine.nlp.pipeline.annotators,PerfecttenseAnnotator,287,0,32,0,63,0,25,0,9,0
OOP Core NLP,io.outofprintmagazine.nlp.pipeline.annotators,ActorsAnnotator,109,466,24,40,15,77,21,27,1,15
OOP Core NLP,io.outofprintmagazine.nlp.pipeline.annotators,MyersBriggsAnnotator,2,212,0,22,1,41,1,16,1,5
OOP Core NLP,io.outofprintmagazine.nlp.pipeline.annotators,TemporalNGramsAnnotator,243,0,32,0,58,0,26,0,10,0
OOP Core NLP,io.outofprintmagazine.nlp.pipeline.annotators,PrepositionsAnnotator,2,92,0,6,1,19,1,8,1,5
OOP Core NLP,io.outofprintmagazine.nlp.pipeline.annotators,BiberAnnotator,312,5744,53,555,47,970,47,333,2,74
OOP Core NLP,io.outofprintmagazine.nlp.pipeline.annotators,ColorsAnnotator,2,88,0,8,1,19,1,9,1,5
OOP Core NLP,io.outofprintmagazine.nlp.pipeline.annotators,FleschKincaidAnnotator,38,226,1,11,5,44,3,11,2,6
OOP Core NLP,io.outofprintmagazine.nlp.pipeline.annotators,PointlessAdverbsAnnotator,2,110,0,10,1,21,1,10,1,5
OOP Core NLP,io.outofprintmagazine.nlp.pipeline.annotators,WordsAnnotator,22,78,0,6,3,17,2,8,2,5
OOP Core NLP,io.outofprintmagazine.nlp.pipeline.annotators,WikipediaPageviewTopicsAnnotator,33,82,1,3,6,18,3,7,2,6
OOP Core NLP,io.outofprintmagazine.nlp.pipeline.annotators,WordnetGlossAnnotator,6,90,0,10,3,21,1,10,1,5
OOP Core NLP,io.outofprintmagazine.nlp.pipeline.annotators,NounHypernymsAnnotator,33,109,2,8,6,24,4,8,2,5
OOP Core NLP,io.outofprintmagazine.nlp.pipeline.annotators,CoreNlpGenderAnnotator,25,123,0,2,6,34,3,16,3,15
OOP Core NLP,io.outofprintmagazine.nlp.pipeline.annotators,PeopleAnnotator,63,754,15,97,9,150,17,55,2,14
OOP Core NLP,io.outofprintmagazine.nlp.pipeline.annotators,NounGroupsAnnotator,6,121,1,9,3,23,2,9,1,5
OOP Core NLP,io.outofprintmagazine.nlp.pipeline.annotators,PossessivesAnnotator,2,102,1,7,1,19,2,8,1,5
OOP Core NLP,io.outofprintmagazine.nlp.pipeline.annotators,CoreNlpSentimentAnnotator,67,118,5,11,7,26,6,10,2,6
OOP Core NLP,io.outofprintmagazine.nlp.pipeline.annotators,DatesAnnotator,23,100,4,10,3,20,6,8,2,5
OOP Core NLP,io.outofprintmagazine.nlp.pipeline.annotators,AbstractTreeAnnotator,230,248,34,24,41,33,26,16,8,5
OOP Core NLP,io.outofprintmagazine.nlp.pipeline.annotators,AdjectiveCategoriesAnnotator,10,131,1,11,2,24,2,10,1,5
OOP Core NLP,io.outofprintmagazine.nlp.pipeline.annotators,VerbnetGroupsAnnotator,6,150,1,11,3,24,2,10,1,5
OOP Core NLP,io.outofprintmagazine.nlp.pipeline.annotators,QuotesAnnotator,26,87,1,3,3,17,3,6,2,5
OOP Core NLP,io.outofprintmagazine.nlp.pipeline.annotators,WordlessWordsAnnotator,18,156,1,19,7,34,2,14,1,5
OOP Core NLP,io.outofprintmagazine.nlp,Analyzer,17,850,1,25,8,123,2,22,1,10
OOP Core NLP,io.outofprintmagazine.nlp.pipeline.serializers,PhraseSerializer,5,194,4,14,3,45,6,14,2,9
OOP Core NLP,io.outofprintmagazine.nlp.pipeline.serializers,MapSerializer,45,283,6,24,11,63,7,18,1,9
OOP Core NLP,io.outofprintmagazine.nlp.pipeline.serializers,StringSerializer,38,148,7,15,7,39,8,13,1,9
OOP Core NLP,io.outofprintmagazine.nlp.pipeline.serializers,BigDecimalSerializer,3,179,4,14,2,42,5,14,1,9
OOP Core NLP,io.outofprintmagazine.nlp.pipeline.serializers,CoreNlpSerializer,122,429,13,19,21,86,12,12,1,7
OOP Core NLP,io.outofprintmagazine.nlp.pipeline.annotators.count,SyllableCountAnnotator,28,81,1,5,6,18,4,8,3,6
OOP Core NLP,io.outofprintmagazine.nlp.pipeline.annotators.count,WordCountAnnotator,26,72,0,6,3,17,2,8,2,5
OOP Core NLP,io.outofprintmagazine.nlp.pipeline.annotators.count,SentenceCountAnnotator,26,42,0,0,3,12,2,5,2,5
OOP Core NLP,io.outofprintmagazine.nlp.pipeline.annotators.count,ParagraphCountAnnotator,26,55,0,0,3,12,2,5,2,5
OOP Core NLP,io.outofprintmagazine.nlp.pipeline.annotators.count,CharCountAnnotator,26,100,0,4,3,16,2,7,2,5
OOP Core NLP,io.outofprintmagazine.nlp.pipeline.annotators.count,TokenCountAnnotator,26,64,0,4,3,14,2,7,2,5
OOP Core NLP,io.outofprintmagazine.nlp.pipeline.scorers,MapSum,5,63,0,6,3,13,2,6,2,3
OOP Core NLP,io.outofprintmagazine.nlp.pipeline.scorers,BigDecimalSumTokenScorer,5,52,0,4,3,11,2,5,2,3
OOP Core NLP,io.outofprintmagazine.nlp.pipeline.scorers,MapScorer,14,498,3,43,3,76,4,30,1,10
OOP Core NLP,io.outofprintmagazine.nlp.pipeline.scorers,BigDecimalScorer,19,147,1,17,5,33,3,16,2,8
OOP Core NLP,io.outofprintmagazine.nlp.pipeline.scorers,BigDecimalSum,45,360,8,24,10,48,9,15,3,5
OOP Core NLP,io.outofprintmagazine.nlp.pipeline.scorers,PhraseScorer,8,201,0,26,3,47,2,22,2,9
OOP Core NLP,io.outofprintmagazine.nlp.pipeline.scorers,StringScorer,9,20,0,0,3,9,2,5,2,5
OOP Core NLP,io.outofprintmagazine.nlp.pipeline.scorers,BigDecimalSumSentenceCountScorer,5,73,1,5,3,16,3,5,2,3
OOP Core NLP,io.outofprintmagazine.nlp.pipeline.scorers,BigDecimalSumSentenceScorer,5,58,0,4,3,10,2,5,2,3
OOP Core NLP,io.outofprintmagazine.nlp.pipeline.scorers,BigDecimalSumDocumentScorer,5,26,0,0,3,6,2,3,2,3
OOP Core NLP,io.outofprintmagazine.nlp.pipeline.scorers,BigDecimalAvg,16,401,7,27,6,55,9,16,2,6
OOP Core NLP,io.outofprintmagazine.nlp.pipeline,SettingAnnotation,3,0,0,0,2,0,1,0,1,0
OOP Core NLP,io.outofprintmagazine.nlp.pipeline,OOPAnnotations.PerfecttenseGlossAnnotation,7,0,0,0,2,0,2,0,2,0
OOP Core NLP,io.outofprintmagazine.nlp.pipeline,OOPAnnotations.OOPWhoAnnotation,7,0,0,0,2,0,2,0,2,0
OOP Core NLP,io.outofprintmagazine.nlp.pipeline,OOPAnnotations.OOPWikipediaGlossAnnotation,7,0,0,0,2,0,2,0,2,0
OOP Core NLP,io.outofprintmagazine.nlp.pipeline,OOPAnnotations.OOPWikipediaPageviewTopicsAnnotation,7,0,0,0,2,0,2,0,2,0
OOP Core NLP,io.outofprintmagazine.nlp.pipeline,OOPAnnotations.OOPNonAffirmativeAnnotation,7,0,0,0,2,0,2,0,2,0
OOP Core NLP,io.outofprintmagazine.nlp.pipeline,OOPAnnotations.OOPPrepositionsAnnotation,7,0,0,0,2,0,2,0,2,0
OOP Core NLP,io.outofprintmagazine.nlp.pipeline,OOPAnnotations.OOPPrepositionCategoriesAnnotation,7,0,0,0,2,0,2,0,2,0
OOP Core NLP,io.outofprintmagazine.nlp.pipeline,OOPAnnotations.OOPFlavorsAnnotation,7,0,0,0,2,0,2,0,2,0
OOP Core NLP,io.outofprintmagazine.nlp.pipeline,OOPAnnotations.OOPAdverbCategoriesAnnotation,7,0,0,0,2,0,2,0,2,0
OOP Core NLP,io.outofprintmagazine.nlp.pipeline,OOPAnnotations.OOPWikipediaCategoriesAnnotation,7,0,0,0,2,0,2,0,2,0
OOP Core NLP,io.outofprintmagazine.nlp.pipeline,OOPAnnotations.OOPPossessivesAnnotation,7,0,0,0,2,0,2,0,2,0
OOP Core NLP,io.outofprintmagazine.nlp.pipeline,OOPAnnotations.OOPTemporalNGramsAnnotation,7,0,0,0,2,0,2,0,2,0
OOP Core NLP,io.outofprintmagazine.nlp.pipeline,OOPAnnotations.OOPSentenceCountAnnotation,7,0,0,0,2,0,2,0,2,0
OOP Core NLP,io.outofprintmagazine.nlp.pipeline,OOPAnnotations.OOPBecauseAnnotation,7,0,0,0,2,0,2,0,2,0
OOP Core NLP,io.outofprintmagazine.nlp.pipeline,OOPAnnotations.OOPVerbsAnnotation,7,0,0,0,2,0,2,0,2,0
OOP Core NLP,io.outofprintmagazine.nlp.pipeline,OOPAnnotations.OOPAmericanizeAnnotation,7,0,0,0,2,0,2,0,2,0
OOP Core NLP,io.outofprintmagazine.nlp.pipeline,OOPAnnotations.OOPVerblessSentencesAnnotation,7,0,0,0,2,0,2,0,2,0
OOP Core NLP,io.outofprintmagazine.nlp.pipeline,OOPAnnotations.OOPFleschKincaidAnnotation,7,0,0,0,2,0,2,0,2,0
OOP Core NLP,io.outofprintmagazine.nlp.pipeline,OOPAnnotations.OOPSVOAnnotation,7,0,0,0,2,0,2,0,2,0
OOP Core NLP,io.outofprintmagazine.nlp.pipeline,OOPAnnotations.OOPColorsAnnotation,7,0,0,0,2,0,2,0,2,0
OOP Core NLP,io.outofprintmagazine.nlp.pipeline,OOPAnnotations.CoreNlpSentimentAnnotation,7,0,0,0,2,0,2,0,2,0
OOP Core NLP,io.outofprintmagazine.nlp.pipeline,OOPAnnotations.OOPBiberAnnotation,7,0,0,0,2,0,2,0,2,0
OOP Core NLP,io.outofprintmagazine.nlp.pipeline,OOPAnnotations.OOPCommonWordsAnnotation,7,0,0,0,2,0,2,0,2,0
OOP Core NLP,io.outofprintmagazine.nlp.pipeline,OOPAnnotations.OOPPeopleAnnotation,7,0,0,0,2,0,2,0,2,0
OOP Core NLP,io.outofprintmagazine.nlp.pipeline,OOPAnnotations.OOPPointlessAdjectivesAnnotation,7,0,0,0,2,0,2,0,2,0
OOP Core NLP,io.outofprintmagazine.nlp.pipeline,OOPAnnotations.OOPNounGroupsAnnotation,7,0,0,0,2,0,2,0,2,0
OOP Core NLP,io.outofprintmagazine.nlp.pipeline,OOPAnnotations.OOPLikeAnnotation,7,0,0,0,2,0,2,0,2,0
OOP Core NLP,io.outofprintmagazine.nlp.pipeline,OOPAnnotations.OOPWhereAnnotation,7,0,0,0,2,0,2,0,2,0
OOP Core NLP,io.outofprintmagazine.nlp.pipeline,OOPAnnotations.OOPWhyAnnotation,7,0,0,0,2,0,2,0,2,0
OOP Core NLP,io.outofprintmagazine.nlp.pipeline,OOPAnnotations.OOPDatesAnnotation,7,0,0,0,2,0,2,0,2,0
OOP Core NLP,io.outofprintmagazine.nlp.pipeline,OOPAnnotations.OOPNounsAnnotation,7,0,0,0,2,0,2,0,2,0
OOP Core NLP,io.outofprintmagazine.nlp.pipeline,OOPAnnotations.OOPAsAnnotation,7,0,0,0,2,0,2,0,2,0
OOP Core NLP,io.outofprintmagazine.nlp.pipeline,OOPAnnotations.OOPBiberDimensionsAnnotation,7,0,0,0,2,0,2,0,2,0
OOP Core NLP,io.outofprintmagazine.nlp.pipeline,OOPAnnotations.OOPWordCountAnnotation,7,0,0,0,2,0,2,0,2,0
OOP Core NLP,io.outofprintmagazine.nlp.pipeline,OOPAnnotations.OOPWhenAnnotation,7,0,0,0,2,0,2,0,2,0
OOP Core NLP,io.outofprintmagazine.nlp.pipeline,OOPAnnotations.OOPVerbHypernymsAnnotation,7,0,0,0,2,0,2,0,2,0
OOP Core NLP,io.outofprintmagazine.nlp.pipeline,OOPAnnotations.OOPActionlessVerbsAnnotation,7,0,0,0,2,0,2,0,2,0
OOP Core NLP,io.outofprintmagazine.nlp.pipeline,OOPAnnotations.OOPWordlessWordsAnnotation,7,0,0,0,2,0,2,0,2,0
OOP Core NLP,io.outofprintmagazine.nlp.pipeline,OOPAnnotations.OOPActorsAnnotation,7,0,0,0,2,0,2,0,2,0
OOP Core NLP,io.outofprintmagazine.nlp.pipeline,OOPAnnotations.OOPTokenCountAnnotation,7,0,0,0,2,0,2,0,2,0
OOP Core NLP,io.outofprintmagazine.nlp.pipeline,OOPAnnotations.OOPAdjectivesAnnotation,7,0,0,0,2,0,2,0,2,0
OOP Core NLP,io.outofprintmagazine.nlp.pipeline,OOPAnnotations.OOPLocationsAnnotation,7,0,0,0,2,0,2,0,2,0
OOP Core NLP,io.outofprintmagazine.nlp.pipeline,OOPAnnotations.OOPParagraphCountAnnotation,7,0,0,0,2,0,2,0,2,0
OOP Core NLP,io.outofprintmagazine.nlp.pipeline,OOPAnnotations.OOPHowAnnotation,7,0,0,0,2,0,2,0,2,0
OOP Core NLP,io.outofprintmagazine.nlp.pipeline,OOPAnnotations.OOPAdverbsAnnotation,7,0,0,0,2,0,2,0,2,0
OOP Core NLP,io.outofprintmagazine.nlp.pipeline,OOPAnnotations.OOPWhatAnnotation,7,0,0,0,2,0,2,0,2,0
OOP Core NLP,io.outofprintmagazine.nlp.pipeline,OOPAnnotations.OOPVerbGroupsAnnotation,7,0,0,0,2,0,2,0,2,0
OOP Core NLP,io.outofprintmagazine.nlp.pipeline,ActorAnnotation,21,98,0,0,9,17,6,3,6,3
OOP Core NLP,io.outofprintmagazine.nlp.pipeline,OOPAnnotations.OOPWordsAnnotation,7,0,0,0,2,0,2,0,2,0
OOP Core NLP,io.outofprintmagazine.nlp.pipeline,OOPAnnotations.OOPFunctionWordsAnnotation,7,0,0,0,2,0,2,0,2,0
OOP Core NLP,io.outofprintmagazine.nlp.pipeline,OOPAnnotations.OOPCharCountAnnotation,7,0,0,0,2,0,2,0,2,0
OOP Core NLP,io.outofprintmagazine.nlp.pipeline,OOPAnnotations.OOPNounHypernymsAnnotation,7,0,0,0,2,0,2,0,2,0
OOP Core NLP,io.outofprintmagazine.nlp.pipeline,OOPAnnotations.OOPIfAnnotation,7,0,0,0,2,0,2,0,2,0
OOP Core NLP,io.outofprintmagazine.nlp.pipeline,OOPAnnotations.OOPAngliciseAnnotation,7,0,0,0,2,0,2,0,2,0
OOP Core NLP,io.outofprintmagazine.nlp.pipeline,OOPAnnotations.OOPVerbnetGroupsAnnotation,7,0,0,0,2,0,2,0,2,0
OOP Core NLP,io.outofprintmagazine.nlp.pipeline,OOPAnnotations.OOPGenderAnnotation,7,0,0,0,2,0,2,0,2,0
OOP Core NLP,io.outofprintmagazine.nlp.pipeline,OOPAnnotations.OOPPointlessAdverbsAnnotation,7,0,0,0,2,0,2,0,2,0
OOP Core NLP,io.outofprintmagazine.nlp.pipeline,OOPAnnotations.OOPPronounAnnotation,7,0,0,0,2,0,2,0,2,0
OOP Core NLP,io.outofprintmagazine.nlp.pipeline,OOPAnnotations.VaderSentimentAnnotation,7,0,0,0,2,0,2,0,2,0
OOP Core NLP,io.outofprintmagazine.nlp.pipeline,OOPAnnotations.OOPAdjectiveCategoriesAnnotation,7,0,0,0,2,0,2,0,2,0
OOP Core NLP,io.outofprintmagazine.nlp.pipeline,OOPAnnotations.OOPTopicsAnnotation,7,0,0,0,2,0,2,0,2,0
OOP Core NLP,io.outofprintmagazine.nlp.pipeline,ContextualAnnotation,30,211,0,6,14,53,8,24,8,21
OOP Core NLP,io.outofprintmagazine.nlp.pipeline,OOPAnnotations.OOPVerbTenseAnnotation,7,0,0,0,2,0,2,0,2,0
OOP Core NLP,io.outofprintmagazine.nlp.pipeline,OOPAnnotations.OOPThumbnailAnnotation,7,0,0,0,2,0,2,0,2,0
OOP Core NLP,io.outofprintmagazine.nlp.pipeline,OOPAnnotations.OOPWordnetGlossAnnotation,7,0,0,0,2,0,2,0,2,0
OOP Core NLP,io.outofprintmagazine.nlp.pipeline,OOPAnnotations.OOPSettingsAnnotation,7,0,0,0,2,0,2,0,2,0
OOP Core NLP,io.outofprintmagazine.nlp.pipeline,OOPAnnotations.OOPPunctuationMarkAnnotation,7,0,0,0,2,0,2,0,2,0
OOP Core NLP,io.outofprintmagazine.nlp.pipeline,PhraseAnnotation,17,47,0,0,1,16,1,7,1,7
OOP Core NLP,io.outofprintmagazine.nlp.pipeline,OOPAnnotations.PerfecttenseAnnotation,7,0,0,0,2,0,2,0,2,0
OOP Core NLP,io.outofprintmagazine.nlp.pipeline,OOPAnnotations.CoreNlpGenderAnnotation,7,0,0,0,2,0,2,0,2,0
OOP Core NLP,io.outofprintmagazine.nlp.pipeline,OOPAnnotations.OOPUncommonWordsAnnotation,7,0,0,0,2,0,2,0,2,0
OOP Core NLP,io.outofprintmagazine.nlp.pipeline,OOPAnnotations.OOPSyllableCountAnnotation,7,0,0,0,2,0,2,0,2,0
OOP Core NLP,io.outofprintmagazine.nlp.pipeline,OOPAnnotations.OOPQuotesAnnotation,7,0,0,0,2,0,2,0,2,0
OOP Core NLP,io.outofprintmagazine.nlp.pipeline,OOPAnnotations.OOPMyersBriggsAnnotation,7,0,0,0,2,0,2,0,2,0
OOP Core NLP,io.outofprintmagazine.nlp.pipeline.annotators.interrogative,WhoAnnotator,42,93,4,8,5,23,5,9,2,6
OOP Core NLP,io.outofprintmagazine.nlp.pipeline.annotators.interrogative,WhereAnnotator,36,99,3,9,5,23,5,9,2,6
OOP Core NLP,io.outofprintmagazine.nlp.pipeline.annotators.interrogative,WhyAnnotator,36,99,3,9,5,23,5,9,2,6
OOP Core NLP,io.outofprintmagazine.nlp.pipeline.annotators.interrogative,WhatAnnotator,42,93,4,8,5,23,5,9,2,6
OOP Core NLP,io.outofprintmagazine.nlp.pipeline.annotators.interrogative,WhenAnnotator,36,99,3,9,5,23,5,9,2,6
OOP Core NLP,io.outofprintmagazine.nlp.pipeline.annotators.interrogative,HowAnnotator,36,99,3,9,5,23,5,9,2,6
